mode: atomic
github.com/shogo82148/server-starter/listener/listener.go:52.39,53.18 1 4
github.com/shogo82148/server-starter/listener/listener.go:53.18,55.3 1 1
github.com/shogo82148/server-starter/listener/listener.go:57.2,58.23 2 3
github.com/shogo82148/server-starter/listener/listener.go:58.23,61.3 2 4
github.com/shogo82148/server-starter/listener/listener.go:62.2,63.21 2 3
github.com/shogo82148/server-starter/listener/listener.go:68.98,70.17 2 33
github.com/shogo82148/server-starter/listener/listener.go:71.29,74.17 3 26
github.com/shogo82148/server-starter/listener/listener.go:74.17,76.4 1 0
github.com/shogo82148/server-starter/listener/listener.go:77.3,78.17 2 26
github.com/shogo82148/server-starter/listener/listener.go:78.17,80.4 1 0
github.com/shogo82148/server-starter/listener/listener.go:81.3,83.17 2 26
github.com/shogo82148/server-starter/listener/listener.go:83.17,85.18 2 17
github.com/shogo82148/server-starter/listener/listener.go:85.18,87.5 1 0
github.com/shogo82148/server-starter/listener/listener.go:88.9,89.45 1 9
github.com/shogo82148/server-starter/listener/listener.go:89.45,91.5 1 6
github.com/shogo82148/server-starter/listener/listener.go:92.4,92.45 1 9
github.com/shogo82148/server-starter/listener/listener.go:92.45,94.5 1 6
github.com/shogo82148/server-starter/listener/listener.go:96.3,96.26 1 26
github.com/shogo82148/server-starter/listener/listener.go:96.26,98.60 2 29
github.com/shogo82148/server-starter/listener/listener.go:98.60,100.5 1 16
github.com/shogo82148/server-starter/listener/listener.go:102.4,103.73 2 29
github.com/shogo82148/server-starter/listener/listener.go:103.73,105.5 1 22
github.com/shogo82148/server-starter/listener/listener.go:108.4,108.72 1 29
github.com/shogo82148/server-starter/listener/listener.go:108.72,110.5 1 17
github.com/shogo82148/server-starter/listener/listener.go:111.4,111.69 1 29
github.com/shogo82148/server-starter/listener/listener.go:111.69,113.5 1 7
github.com/shogo82148/server-starter/listener/listener.go:115.14,117.17 2 7
github.com/shogo82148/server-starter/listener/listener.go:117.17,119.4 1 5
github.com/shogo82148/server-starter/listener/listener.go:120.3,120.24 1 2
github.com/shogo82148/server-starter/listener/listener.go:120.24,122.18 2 2
github.com/shogo82148/server-starter/listener/listener.go:122.18,123.13 1 0
github.com/shogo82148/server-starter/listener/listener.go:125.4,125.33 1 2
github.com/shogo82148/server-starter/listener/listener.go:125.33,127.19 2 2
github.com/shogo82148/server-starter/listener/listener.go:127.19,128.14 1 0
github.com/shogo82148/server-starter/listener/listener.go:130.5,130.45 1 2
github.com/shogo82148/server-starter/listener/listener.go:130.45,132.14 2 0
github.com/shogo82148/server-starter/listener/listener.go:134.5,134.19 1 2
github.com/shogo82148/server-starter/listener/listener.go:137.3,137.91 1 0
github.com/shogo82148/server-starter/listener/listener.go:138.10,139.47 1 0
github.com/shogo82148/server-starter/listener/listener.go:142.2,142.23 1 26
github.com/shogo82148/server-starter/listener/listener.go:142.23,144.33 2 26
github.com/shogo82148/server-starter/listener/listener.go:144.33,145.17 1 50
github.com/shogo82148/server-starter/listener/listener.go:145.17,146.13 1 26
github.com/shogo82148/server-starter/listener/listener.go:148.4,149.18 2 24
github.com/shogo82148/server-starter/listener/listener.go:149.18,150.13 1 0
github.com/shogo82148/server-starter/listener/listener.go:152.4,152.43 1 24
github.com/shogo82148/server-starter/listener/listener.go:152.43,154.13 2 5
github.com/shogo82148/server-starter/listener/listener.go:156.4,156.18 1 19
github.com/shogo82148/server-starter/listener/listener.go:160.2,160.90 1 7
github.com/shogo82148/server-starter/listener/listener.go:165.106,167.17 2 24
github.com/shogo82148/server-starter/listener/listener.go:168.29,171.17 3 24
github.com/shogo82148/server-starter/listener/listener.go:171.17,173.4 1 0
github.com/shogo82148/server-starter/listener/listener.go:174.3,175.17 2 24
github.com/shogo82148/server-starter/listener/listener.go:175.17,177.4 1 0
github.com/shogo82148/server-starter/listener/listener.go:178.3,180.17 2 24
github.com/shogo82148/server-starter/listener/listener.go:180.17,182.18 2 15
github.com/shogo82148/server-starter/listener/listener.go:182.18,184.5 1 0
github.com/shogo82148/server-starter/listener/listener.go:185.9,186.45 1 9
github.com/shogo82148/server-starter/listener/listener.go:186.45,188.5 1 6
github.com/shogo82148/server-starter/listener/listener.go:189.4,189.45 1 9
github.com/shogo82148/server-starter/listener/listener.go:189.45,191.5 1 6
github.com/shogo82148/server-starter/listener/listener.go:193.3,193.26 1 24
github.com/shogo82148/server-starter/listener/listener.go:193.26,195.60 2 27
github.com/shogo82148/server-starter/listener/listener.go:195.60,197.5 1 14
github.com/shogo82148/server-starter/listener/listener.go:199.4,200.73 2 27
github.com/shogo82148/server-starter/listener/listener.go:200.73,202.5 1 21
github.com/shogo82148/server-starter/listener/listener.go:205.4,205.72 1 27
github.com/shogo82148/server-starter/listener/listener.go:205.72,207.5 1 17
github.com/shogo82148/server-starter/listener/listener.go:208.4,208.69 1 27
github.com/shogo82148/server-starter/listener/listener.go:208.69,210.5 1 5
github.com/shogo82148/server-starter/listener/listener.go:212.10,213.47 1 0
github.com/shogo82148/server-starter/listener/listener.go:216.2,216.23 1 24
github.com/shogo82148/server-starter/listener/listener.go:216.23,218.33 2 24
github.com/shogo82148/server-starter/listener/listener.go:218.33,219.17 1 45
github.com/shogo82148/server-starter/listener/listener.go:219.17,220.13 1 26
github.com/shogo82148/server-starter/listener/listener.go:222.4,223.18 2 19
github.com/shogo82148/server-starter/listener/listener.go:223.18,224.13 1 0
github.com/shogo82148/server-starter/listener/listener.go:226.4,226.41 1 19
github.com/shogo82148/server-starter/listener/listener.go:226.41,228.13 2 0
github.com/shogo82148/server-starter/listener/listener.go:230.4,230.20 1 19
github.com/shogo82148/server-starter/listener/listener.go:234.2,234.90 1 5
github.com/shogo82148/server-starter/listener/listener.go:238.78,240.24 2 0
github.com/shogo82148/server-starter/listener/listener.go:240.24,242.17 2 0
github.com/shogo82148/server-starter/listener/listener.go:242.17,243.12 1 0
github.com/shogo82148/server-starter/listener/listener.go:245.3,245.23 1 0
github.com/shogo82148/server-starter/listener/listener.go:247.2,247.17 1 0
github.com/shogo82148/server-starter/listener/listener.go:251.86,253.24 2 0
github.com/shogo82148/server-starter/listener/listener.go:253.24,255.17 2 0
github.com/shogo82148/server-starter/listener/listener.go:255.17,256.12 1 0
github.com/shogo82148/server-starter/listener/listener.go:258.3,258.26 1 0
github.com/shogo82148/server-starter/listener/listener.go:260.2,260.17 1 0
github.com/shogo82148/server-starter/listener/listener.go:268.35,270.2 1 52
github.com/shogo82148/server-starter/listener/listener.go:272.37,274.2 1 4
github.com/shogo82148/server-starter/listener/listener.go:276.34,278.2 1 0
github.com/shogo82148/server-starter/listener/listener.go:280.52,282.2 1 26
github.com/shogo82148/server-starter/listener/listener.go:284.60,286.2 1 19
github.com/shogo82148/server-starter/listener/listener.go:288.67,289.9 1 7
github.com/shogo82148/server-starter/listener/listener.go:289.9,291.3 1 1
github.com/shogo82148/server-starter/listener/listener.go:292.2,292.15 1 6
github.com/shogo82148/server-starter/listener/listener.go:292.15,294.3 1 1
github.com/shogo82148/server-starter/listener/listener.go:296.2,299.37 3 5
github.com/shogo82148/server-starter/listener/listener.go:299.37,301.21 2 6
github.com/shogo82148/server-starter/listener/listener.go:301.21,303.4 1 1
github.com/shogo82148/server-starter/listener/listener.go:304.3,307.17 4 5
github.com/shogo82148/server-starter/listener/listener.go:307.17,309.4 1 1
github.com/shogo82148/server-starter/listener/listener.go:310.3,313.4 1 4
github.com/shogo82148/server-starter/listener/listener.go:316.2,316.17 1 3
github.com/shogo82148/server-starter/listener/listener.go:324.42,326.2 1 0
github.com/shogo82148/server-starter/listener/listener.go:331.35,333.16 2 0
github.com/shogo82148/server-starter/listener/listener.go:333.16,335.3 1 0
github.com/shogo82148/server-starter/listener/listener.go:336.2,336.16 1 0
github.com/shogo82148/server-starter/listener/listener.go:346.44,348.16 2 0
github.com/shogo82148/server-starter/listener/listener.go:348.16,350.3 1 0
github.com/shogo82148/server-starter/listener/listener.go:351.2,351.33 1 0
github.com/shogo82148/server-starter/listener/listener.go:351.33,353.3 1 0
github.com/shogo82148/server-starter/listener/listener.go:354.2,354.33 1 0
